#
# There is insufficient memory for the Java Runtime Environment to continue.
# Native memory allocation (mmap) failed to map 134217728 bytes for G1 virtual space
# Possible reasons:
#   The system is out of physical RAM or swap space
#   The process is running with CompressedOops enabled, and the Java Heap may be blocking the growth of the native heap
# Possible solutions:
#   Reduce memory load on the system
#   Increase physical memory or swap space
#   Check if swap backing store is full
#   Decrease Java heap size (-Xmx/-Xms)
#   Decrease number of Java threads
#   Decrease Java thread stack sizes (-Xss)
#   Set larger code cache with -XX:ReservedCodeCacheSize=
#   JVM is running with Unscaled Compressed Oops mode in which the Java heap is
#     placed in the first 4GB address space. The Java Heap base address is the
#     maximum limit for the native heap growth. Please use -XX:HeapBaseMinAddress
#     to set the Java Heap base and to place the Java Heap above 4GB virtual address.
# This output file may be truncated or incomplete.
#
#  Out of Memory Error (os_windows.cpp:3753), pid=7344, tid=13032
#
# JRE version:  (17.0.4.1+7) (build )
# Java VM: OpenJDK 64-Bit Server VM (17.0.4.1+7-b469.62, mixed mode, sharing, tiered, compressed oops, compressed class ptrs, g1 gc, windows-amd64)
# No core dump will be written. Minidumps are not enabled by default on client versions of Windows
#

---------------  S U M M A R Y ------------

Command Line: -Dawt.toolkit=com.intellij.desktop.DesktopActionsToolkit -Djava.rmi.server.hostname=127.0.0.1 -Duser.timezone=UTC -Xmx750m -Xms128m --add-exports=java.desktop/sun.awt=ALL-UNNAMED --add-exports=java.desktop/java.awt.peer=ALL-UNNAMED --add-opens=java.desktop/java.awt=ALL-UNNAMED --add-opens=jdk.unsupported/sun.misc=ALL-UNNAMED --add-opens=java.base/java.nio=ALL-UNNAMED -Dfile.encoding=UTF-8 com.intellij.database.remote.RemoteJdbcServer org.postgresql.Driver

Host: Intel(R) Core(TM) i7-10510U CPU @ 1.80GHz, 8 cores, 7G,  Windows 10 , 64 bit Build 17763 (10.0.17763.4377)
Time: Tue May 30 17:50:20 2023 RTZ 2 (зима) elapsed time: 0.008241 seconds (0d 0h 0m 0s)

---------------  T H R E A D  ---------------

Current thread (0x0000021c9f111560):  JavaThread "Unknown thread" [_thread_in_vm, id=13032, stack(0x0000007262c00000,0x0000007262d00000)]

Stack: [0x0000007262c00000,0x0000007262d00000]
Native frames: (J=compiled Java code, j=interpreted, Vv=VM code, C=native code)
V  [jvm.dll+0x68356a]
V  [jvm.dll+0x83fab4]
V  [jvm.dll+0x84125e]
V  [jvm.dll+0x8418c3]
V  [jvm.dll+0x249735]
V  [jvm.dll+0x680439]
V  [jvm.dll+0x674a7a]
V  [jvm.dll+0x30956b]
V  [jvm.dll+0x310a26]
V  [jvm.dll+0x36089e]
V  [jvm.dll+0x360acf]
V  [jvm.dll+0x2df658]
V  [jvm.dll+0x2e05c4]
V  [jvm.dll+0x8112a1]
V  [jvm.dll+0x36e6f1]
V  [jvm.dll+0x7f076c]
V  [jvm.dll+0x3f180f]
V  [jvm.dll+0x3f3351]
C  [jli.dll+0x526b]
C  [ucrtbase.dll+0x2268a]
C  [KERNEL32.DLL+0x17ac4]
C  [ntdll.dll+0x5a351]


---------------  P R O C E S S  ---------------

Threads class SMR info:
_java_thread_list=0x00007ffcb0147f58, length=0, elements={
}

Java Threads: ( => current thread )

Other Threads:
  0x0000021c9f145fa0 GCTaskThread "GC Thread#0" [stack: 0x0000007262d00000,0x0000007262e00000] [id=2252]
  0x0000021c9f14cc70 ConcurrentGCThread "G1 Main Marker" [stack: 0x0000007262e00000,0x0000007262f00000] [id=7812]
  0x0000021c9f14e140 ConcurrentGCThread "G1 Conc#0" [stack: 0x0000007262f00000,0x0000007263000000] [id=10752]

[error occurred during error reporting (printing all threads), id 0xc0000005, EXCEPTION_ACCESS_VIOLATION (0xc0000005) at pc=0x00007ffcaf900217]

VM state: not at safepoint (not fully initialized)

VM Mutex/Monitor currently owned by a thread:  ([mutex/lock_event])
[0x0000021c9f10d000] Heap_lock - owner thread: 0x0000021c9f111560

Heap address: 0x00000000d1200000, size: 750 MB, Compressed Oops mode: 32-bit

CDS archive(s) mapped at: [0x0000000000000000-0x0000000000000000-0x0000000000000000), size 0, SharedBaseAddress: 0x0000000800000000, ArchiveRelocationMode: 0.
Narrow klass base: 0x0000000000000000, Narrow klass shift: 0, Narrow klass range: 0x0

GC Precious Log:
<Empty>

Heap:
 garbage-first heap   total 0K, used 0K [0x00000000d1200000, 0x0000000100000000)
  region size 1024K, 0 young (0K), 0 survivors (0K)

[error occurred during error reporting (printing heap information), id 0xc0000005, EXCEPTION_ACCESS_VIOLATION (0xc0000005) at pc=0x00007ffcafced1f9]

GC Heap History (0 events):
No events

Deoptimization events (0 events):
No events

Classes unloaded (0 events):
No events

Classes redefined (0 events):
No events

Internal exceptions (0 events):
No events

VM Operations (0 events):
No events

Events (1 events):
Event: 0.005 Loaded shared library D:\JetBrains\IntelliJ IDEA 2022.2.3\jbr\bin\java.dll


Dynamic libraries:
0x00007ff73ee50000 - 0x00007ff73ee5a000 	D:\JetBrains\IntelliJ IDEA 2022.2.3\jbr\bin\java.exe
0x00007ffd211c0000 - 0x00007ffd213af000 	C:\Windows\SYSTEM32\ntdll.dll
0x00007ffcfe560000 - 0x00007ffcfe579000 	C:\Program Files\Avast Software\Avast\aswhook.dll
0x00007ffd20df0000 - 0x00007ffd20ea3000 	C:\Windows\System32\KERNEL32.DLL
0x00007ffd1d540000 - 0x00007ffd1d7dd000 	C:\Windows\System32\KERNELBASE.dll
0x00007ffd1d8f0000 - 0x00007ffd1d9ea000 	C:\Windows\System32\ucrtbase.dll
0x00007ffd12320000 - 0x00007ffd12337000 	D:\JetBrains\IntelliJ IDEA 2022.2.3\jbr\bin\jli.dll
0x00007ffd0e7f0000 - 0x00007ffd0e80b000 	D:\JetBrains\IntelliJ IDEA 2022.2.3\jbr\bin\VCRUNTIME140.dll
0x00007ffd208c0000 - 0x00007ffd20a58000 	C:\Windows\System32\USER32.dll
0x00007ffd1d8d0000 - 0x00007ffd1d8f0000 	C:\Windows\System32\win32u.dll
0x00007ffd08440000 - 0x00007ffd086b9000 	C:\Windows\WinSxS\amd64_microsoft.windows.common-controls_6595b64144ccf1df_6.0.17763.4377_none_de744a4e53489aa3\COMCTL32.dll
0x00007ffd1ee40000 - 0x00007ffd1ee69000 	C:\Windows\System32\GDI32.dll
0x00007ffd1e650000 - 0x00007ffd1e6ee000 	C:\Windows\System32\msvcrt.dll
0x00007ffd1d300000 - 0x00007ffd1d4a6000 	C:\Windows\System32\gdi32full.dll
0x00007ffd1d7e0000 - 0x00007ffd1d880000 	C:\Windows\System32\msvcp_win.dll
0x00007ffd20ac0000 - 0x00007ffd20deb000 	C:\Windows\System32\combase.dll
0x00007ffd1e8a0000 - 0x00007ffd1e9be000 	C:\Windows\System32\RPCRT4.dll
0x00007ffd1d9f0000 - 0x00007ffd1da72000 	C:\Windows\System32\bcryptPrimitives.dll
0x00007ffd21020000 - 0x00007ffd2104e000 	C:\Windows\System32\IMM32.DLL
0x00007ffd19b90000 - 0x00007ffd19b9c000 	D:\JetBrains\IntelliJ IDEA 2022.2.3\jbr\bin\vcruntime140_1.dll
0x00007ffd0e760000 - 0x00007ffd0e7ed000 	D:\JetBrains\IntelliJ IDEA 2022.2.3\jbr\bin\msvcp140.dll
0x00007ffcaf610000 - 0x00007ffcb0279000 	D:\JetBrains\IntelliJ IDEA 2022.2.3\jbr\bin\server\jvm.dll
0x00007ffd210e0000 - 0x00007ffd21187000 	C:\Windows\System32\ADVAPI32.dll
0x00007ffd1e800000 - 0x00007ffd1e89f000 	C:\Windows\System32\sechost.dll
0x00007ffd1f3b0000 - 0x00007ffd1f3b8000 	C:\Windows\System32\PSAPI.DLL
0x00007ffd0a090000 - 0x00007ffd0a099000 	C:\Windows\SYSTEM32\WSOCK32.dll
0x00007ffd11a40000 - 0x00007ffd11a4a000 	C:\Windows\SYSTEM32\VERSION.dll
0x00007ffd19490000 - 0x00007ffd194b4000 	C:\Windows\SYSTEM32\WINMM.dll
0x00007ffd1f340000 - 0x00007ffd1f3ad000 	C:\Windows\System32\WS2_32.dll
0x00007ffd19460000 - 0x00007ffd1948d000 	C:\Windows\SYSTEM32\WINMMBASE.dll
0x00007ffd1d880000 - 0x00007ffd1d8ca000 	C:\Windows\System32\cfgmgr32.dll
0x00007ffd1d1d0000 - 0x00007ffd1d1e1000 	C:\Windows\System32\kernel.appcore.dll
0x00007ffd181d0000 - 0x00007ffd181da000 	D:\JetBrains\IntelliJ IDEA 2022.2.3\jbr\bin\jimage.dll
0x00007ffd1bab0000 - 0x00007ffd1bc9d000 	C:\Windows\SYSTEM32\DBGHELP.DLL
0x00007ffd10f70000 - 0x00007ffd10f9a000 	C:\Windows\SYSTEM32\dbgcore.DLL
0x00007ffd11b60000 - 0x00007ffd11b85000 	D:\JetBrains\IntelliJ IDEA 2022.2.3\jbr\bin\java.dll

dbghelp: loaded successfully - version: 4.0.5 - missing functions: none
symbol engine: initialized successfully - sym options: 0x614 - pdb path: .;D:\JetBrains\IntelliJ IDEA 2022.2.3\jbr\bin;C:\Windows\SYSTEM32;C:\Program Files\Avast Software\Avast;C:\Windows\WinSxS\amd64_microsoft.windows.common-controls_6595b64144ccf1df_6.0.17763.4377_none_de744a4e53489aa3;D:\JetBrains\IntelliJ IDEA 2022.2.3\jbr\bin\server

VM Arguments:
jvm_args: -Dawt.toolkit=com.intellij.desktop.DesktopActionsToolkit -Djava.rmi.server.hostname=127.0.0.1 -Duser.timezone=UTC -Xmx750m -Xms128m --add-exports=java.desktop/sun.awt=ALL-UNNAMED --add-exports=java.desktop/java.awt.peer=ALL-UNNAMED --add-opens=java.desktop/java.awt=ALL-UNNAMED --add-opens=jdk.unsupported/sun.misc=ALL-UNNAMED --add-opens=java.base/java.nio=ALL-UNNAMED -Dfile.encoding=UTF-8 
java_command: com.intellij.database.remote.RemoteJdbcServer org.postgresql.Driver
java_class_path (initial): D:\JetBrains\IntelliJ IDEA 2022.2.3\lib\util_rt.jar;D:\JetBrains\IntelliJ IDEA 2022.2.3\lib\util.jar;D:\JetBrains\IntelliJ IDEA 2022.2.3\lib\groovy.jar;D:\JetBrains\IntelliJ IDEA 2022.2.3\plugins\DatabaseTools\lib\jdbc-console.jar;C:\Users\Алина\AppData\Roaming\JetBrains\IntelliJIdea2022.2\jdbc-drivers\PostgreSQL\42.6.0\org\postgresql\postgresql\42.6.0\postgresql-42.6.0.jar;C:\Users\Алина\AppData\Roaming\JetBrains\IntelliJIdea2022.2\jdbc-drivers\PostgreSQL\42.6.0\org\checkerframework\checker-qual\3.31.0\checker-qual-3.31.0.jar;C:\Users\Алина\AppData\Roaming\JetBrains\IntelliJIdea2022.2\jdbc-drivers\PostgreSQL\42.6.0\com\github\waffle\waffle-jna\1.9.1\waffle-jna-1.9.1.jar;C:\Users\Алина\AppData\Roaming\JetBrains\IntelliJIdea2022.2\jdbc-drivers\PostgreSQL\42.6.0\net\java\dev\jna\jna\4.5.1\jna-4.5.1.jar;C:\Users\Алина\AppData\Roaming\JetBrains\IntelliJIdea2022.2\jdbc-drivers\PostgreSQL\42.6.0\net\java\dev\jna\jna-platform\4.5.1\jna-platform-4.5.1.jar;C:\Users\Алина\AppData\Roaming\JetBrains\IntelliJIdea2022.2\jdbc-drivers\PostgreSQL\42.6.0\org\slf4j\jcl-over-slf4j\1.7.25\jcl-over-slf4j-1.7.25.jar;C:\Users\Алина\AppData\Roaming\JetBrains\IntelliJIdea2022.2\jdbc-drivers\PostgreSQL\42.6.0\org\slf4j\slf4j-api\1.7.25\slf4j-api-1.7.25.jar;C:\Users\Алина\AppData\Roaming\JetBrains\IntelliJIdea2022.2\jdbc-drivers\PostgreSQL\42.6.0\com\github\ben-manes\caffeine\caffeine\2.6.2\caffeine-2.6.2.jar
Launcher Type: SUN_STANDARD

[Global flags]
     intx CICompilerCount                          = 4                                         {product} {ergonomic}
     uint ConcGCThreads                            = 2                                         {product} {ergonomic}
     uint G1ConcRefinementThreads                  = 8                                         {product} {ergonomic}
   size_t G1HeapRegionSize                         = 1048576                                   {product} {ergonomic}
    uintx GCDrainStackTargetSize                   = 64                                        {product} {ergonomic}
   size_t InitialHeapSize                          = 134217728                                 {product} {command line}
   size_t MarkStackSize                            = 4194304                                   {product} {ergonomic}
   size_t MaxHeapSize                              = 786432000                                 {product} {command line}
   size_t MinHeapDeltaBytes                        = 1048576                                   {product} {ergonomic}
   size_t MinHeapSize                              = 134217728                                 {product} {command line}
    uintx NonNMethodCodeHeapSize                   = 5839372                                {pd product} {ergonomic}
    uintx NonProfiledCodeHeapSize                  = 122909434                              {pd product} {ergonomic}
    uintx ProfiledCodeHeapSize                     = 122909434                              {pd product} {ergonomic}
    uintx ReservedCodeCacheSize                    = 251658240                              {pd product} {ergonomic}
     bool SegmentedCodeCache                       = true                                      {product} {ergonomic}
   size_t SoftMaxHeapSize                          = 786432000                              {manageable} {ergonomic}
     bool UseCompressedClassPointers               = true                           {product lp64_product} {ergonomic}
     bool UseCompressedOops                        = true                           {product lp64_product} {ergonomic}
     bool UseG1GC                                  = true                                      {product} {ergonomic}
     bool UseLargePagesIndividualAllocation        = false                                  {pd product} {ergonomic}

Logging:
Log output configuration:
 #0: stdout all=warning uptime,level,tags
 #1: stderr all=off uptime,level,tags

Environment Variables:
JAVA_HOME=C:\Program Files\Java\jdk-17.0.4_windows-x64_bin\jdk-17.0.4
PATH=C:\Program Files\Common Files\Oracle\Java\javapath;C:\Windows\system32;C:\Windows;C:\Windows\System32\Wbem;C:\Windows\System32\WindowsPowerShell\v1.0\;C:\Windows\System32\OpenSSH\;C:\Program Files (x86)\NVIDIA Corporation\PhysX\Common;C:\Program Files\Git\cmd;C:\Users\Алина\AppData\Local\Programs\Python\Python37\Scripts\;C:\Users\Алина\AppData\Local\Programs\Python\Python37\;C:\Users\Алина\AppData\Local\Programs\Python\Python310\Scripts\;C:\Users\Алина\AppData\Local\Programs\Python\Python310\;C:\Users\Алина\AppData\Local\Microsoft\WindowsApps;
USERNAME=Алина
OS=Windows_NT
PROCESSOR_IDENTIFIER=Intel64 Family 6 Model 142 Stepping 12, GenuineIntel
TMP=C:\Users\8ADB~1\AppData\Local\Temp
TEMP=C:\Users\8ADB~1\AppData\Local\Temp



---------------  S Y S T E M  ---------------

OS:
 Windows 10 , 64 bit Build 17763 (10.0.17763.4377)
OS uptime: 1 days 6:05 hours

CPU: total 8 (initial active 8) (4 cores per cpu, 2 threads per core) family 6 model 142 stepping 12 microcode 0xde, cx8, cmov, fxsr, ht, mmx, 3dnowpref, sse, sse2, sse3, ssse3, sse4.1, sse4.2, popcnt, lzcnt, tsc, tscinvbit, avx, avx2, aes, erms, clmul, bmi1, bmi2, adx, fma, vzeroupper, clflush, clflushopt

Memory: 4k page, system-wide physical 8001M (1524M free)
TotalPageFile size 10049M (AvailPageFile size 121M)
current process WorkingSet (physical memory assigned to process): 10M, peak: 10M
current process commit charge ("private bytes"): 59M, peak: 187M

vm_info: OpenJDK 64-Bit Server VM (17.0.4.1+7-b469.62) for windows-amd64 JRE (17.0.4.1+7-b469.62), built on 2022-09-22 by "builduser" with MS VC++ 16.10 / 16.11 (VS2019)

END.
